This is pdfTeX, Version 3.14159265-2.6-1.40.18 (TeX Live 2017/Debian) (preloaded format=pdflatex 2019.1.8)  18 JUL 2019 16:35
entering extended mode
 restricted \write18 enabled.
 %&-line parsing enabled.
**questionaire.tex
(./questionaire.tex
LaTeX2e <2017-04-15>
Babel <3.18> and hyphenation patterns for 84 language(s) loaded.
(/usr/share/texlive/texmf-dist/tex/latex/base/article.cls
Document Class: article 2014/09/29 v1.4h Standard LaTeX document class
(/usr/share/texlive/texmf-dist/tex/latex/base/size11.clo
File: size11.clo 2014/09/29 v1.4h Standard LaTeX file (size option)
)
\c@part=\count79
\c@section=\count80
\c@subsection=\count81
\c@subsubsection=\count82
\c@paragraph=\count83
\c@subparagraph=\count84
\c@figure=\count85
\c@table=\count86
\abovecaptionskip=\skip41
\belowcaptionskip=\skip42
\bibindent=\dimen102
)
(/usr/share/texlive/texmf-dist/tex/latex/geometry/geometry.sty
Package: geometry 2010/09/12 v5.6 Page Geometry

(/usr/share/texlive/texmf-dist/tex/latex/graphics/keyval.sty
Package: keyval 2014/10/28 v1.15 key=value parser (DPC)
\KV@toks@=\toks14
)
(/usr/share/texlive/texmf-dist/tex/generic/oberdiek/ifpdf.sty
Package: ifpdf 2017/03/15 v3.2 Provides the ifpdf switch
)
(/usr/share/texlive/texmf-dist/tex/generic/oberdiek/ifvtex.sty
Package: ifvtex 2016/05/16 v1.6 Detect VTeX and its facilities (HO)
Package ifvtex Info: VTeX not detected.
)
(/usr/share/texlive/texmf-dist/tex/generic/ifxetex/ifxetex.sty
Package: ifxetex 2010/09/12 v0.6 Provides ifxetex conditional
)
\Gm@cnth=\count87
\Gm@cntv=\count88
\c@Gm@tempcnt=\count89
\Gm@bindingoffset=\dimen103
\Gm@wd@mp=\dimen104
\Gm@odd@mp=\dimen105
\Gm@even@mp=\dimen106
\Gm@layoutwidth=\dimen107
\Gm@layoutheight=\dimen108
\Gm@layouthoffset=\dimen109
\Gm@layoutvoffset=\dimen110
\Gm@dimlist=\toks15
)
(/usr/share/texlive/texmf-dist/tex/latex/listings/listings.sty
\lst@mode=\count90
\lst@gtempboxa=\box26
\lst@token=\toks16
\lst@length=\count91
\lst@currlwidth=\dimen111
\lst@column=\count92
\lst@pos=\count93
\lst@lostspace=\dimen112
\lst@width=\dimen113
\lst@newlines=\count94
\lst@lineno=\count95
\lst@maxwidth=\dimen114

(/usr/share/texlive/texmf-dist/tex/latex/listings/lstmisc.sty
File: lstmisc.sty 2015/06/04 1.6 (Carsten Heinz)
\c@lstnumber=\count96
\lst@skipnumbers=\count97
\lst@framebox=\box27
)
(/usr/share/texlive/texmf-dist/tex/latex/listings/listings.cfg
File: listings.cfg 2015/06/04 1.6 listings configuration
))
Package: listings 2015/06/04 1.6 (Carsten Heinz)

(/usr/share/texlive/texmf-dist/tex/latex/xsim/xsim.sty
(/usr/share/texlive/texmf-dist/tex/latex/l3kernel/expl3.sty
Package: expl3 2018/02/21 L3 programming layer (loader) 

(/usr/share/texlive/texmf-dist/tex/latex/l3kernel/expl3-code.tex
Package: expl3 2018/02/21 L3 programming layer (code)
\c_max_int=\count98
\l_tmpa_int=\count99
\l_tmpb_int=\count100
\g_tmpa_int=\count101
\g_tmpb_int=\count102
\g__intarray_font_int=\count103
\g__prg_map_int=\count104
\c_log_iow=\count105
\l_iow_line_count_int=\count106
\l__iow_line_target_int=\count107
\l__iow_one_indent_int=\count108
\l__iow_indent_int=\count109
\c_zero_dim=\dimen115
\c_max_dim=\dimen116
\l_tmpa_dim=\dimen117
\l_tmpb_dim=\dimen118
\g_tmpa_dim=\dimen119
\g_tmpb_dim=\dimen120
\c_zero_skip=\skip43
\c_max_skip=\skip44
\l_tmpa_skip=\skip45
\l_tmpb_skip=\skip46
\g_tmpa_skip=\skip47
\g_tmpb_skip=\skip48
\c_zero_muskip=\muskip10
\c_max_muskip=\muskip11
\l_tmpa_muskip=\muskip12
\l_tmpb_muskip=\muskip13
\g_tmpa_muskip=\muskip14
\g_tmpb_muskip=\muskip15
\l_keys_choice_int=\count110
\c__fp_leading_shift_int=\count111
\c__fp_middle_shift_int=\count112
\c__fp_trailing_shift_int=\count113
\c__fp_big_leading_shift_int=\count114
\c__fp_big_middle_shift_int=\count115
\c__fp_big_trailing_shift_int=\count116
\c__fp_Bigg_leading_shift_int=\count117
\c__fp_Bigg_middle_shift_int=\count118
\c__fp_Bigg_trailing_shift_int=\count119
\c__fp_rand_size_int=\count120
\c__fp_rand_four_int=\count121
\c__fp_rand_eight_int=\count122
\l__sort_length_int=\count123
\l__sort_min_int=\count124
\l__sort_top_int=\count125
\l__sort_max_int=\count126
\l__sort_true_max_int=\count127
\l__sort_block_int=\count128
\l__sort_begin_int=\count129
\l__sort_end_int=\count130
\l__sort_A_int=\count131
\l__sort_B_int=\count132
\l__sort_C_int=\count133
\l__tl_build_start_index_int=\count134
\l__tl_build_index_int=\count135
\l__tl_analysis_normal_int=\count136
\l__tl_analysis_index_int=\count137
\l__tl_analysis_nesting_int=\count138
\l__tl_analysis_type_int=\count139
\l__regex_internal_a_int=\count140
\l__regex_internal_b_int=\count141
\l__regex_internal_c_int=\count142
\l__regex_balance_int=\count143
\l__regex_group_level_int=\count144
\l__regex_mode_int=\count145
\c__regex_cs_in_class_mode_int=\count146
\c__regex_cs_mode_int=\count147
\l__regex_catcodes_int=\count148
\l__regex_default_catcodes_int=\count149
\c__regex_catcode_D_int=\count150
\c__regex_catcode_S_int=\count151
\c__regex_catcode_L_int=\count152
\c__regex_catcode_O_int=\count153
\c__regex_catcode_A_int=\count154
\c__regex_all_catcodes_int=\count155
\l__regex_show_lines_int=\count156
\l__regex_min_state_int=\count157
\l__regex_max_state_int=\count158
\l__regex_left_state_int=\count159
\l__regex_right_state_int=\count160
\l__regex_capturing_group_int=\count161
\l__regex_min_pos_int=\count162
\l__regex_max_pos_int=\count163
\l__regex_curr_pos_int=\count164
\l__regex_start_pos_int=\count165
\l__regex_success_pos_int=\count166
\l__regex_curr_char_int=\count167
\l__regex_curr_catcode_int=\count168
\l__regex_last_char_int=\count169
\l__regex_case_changed_char_int=\count170
\l__regex_curr_state_int=\count171
\l__regex_step_int=\count172
\l__regex_min_active_int=\count173
\l__regex_max_active_int=\count174
\l__regex_replacement_csnames_int=\count175
\l__regex_match_count_int=\count176
\l__regex_min_submatch_int=\count177
\l__regex_submatch_int=\count178
\l__regex_zeroth_submatch_int=\count179
\g__regex_trace_regex_int=\count180
\c_empty_box=\box28
\l_tmpa_box=\box29
\l_tmpb_box=\box30
\g_tmpa_box=\box31
\g_tmpb_box=\box32
\l__box_top_dim=\dimen121
\l__box_bottom_dim=\dimen122
\l__box_left_dim=\dimen123
\l__box_right_dim=\dimen124
\l__box_top_new_dim=\dimen125
\l__box_bottom_new_dim=\dimen126
\l__box_left_new_dim=\dimen127
\l__box_right_new_dim=\dimen128
\l__box_internal_box=\box33
\l__coffin_internal_box=\box34
\l__coffin_internal_dim=\dimen129
\l__coffin_offset_x_dim=\dimen130
\l__coffin_offset_y_dim=\dimen131
\l__coffin_x_dim=\dimen132
\l__coffin_y_dim=\dimen133
\l__coffin_x_prime_dim=\dimen134
\l__coffin_y_prime_dim=\dimen135
\c_empty_coffin=\box35
\l__coffin_aligned_coffin=\box36
\l__coffin_aligned_internal_coffin=\box37
\l_tmpa_coffin=\box38
\l_tmpb_coffin=\box39
\l__coffin_display_coffin=\box40
\l__coffin_display_coord_coffin=\box41
\l__coffin_display_pole_coffin=\box42
\l__coffin_display_offset_dim=\dimen136
\l__coffin_display_x_dim=\dimen137
\l__coffin_display_y_dim=\dimen138
\l__coffin_bounding_shift_dim=\dimen139
\l__coffin_left_corner_dim=\dimen140
\l__coffin_right_corner_dim=\dimen141
\l__coffin_bottom_corner_dim=\dimen142
\l__coffin_top_corner_dim=\dimen143
\l__coffin_scaled_total_height_dim=\dimen144
\l__coffin_scaled_width_dim=\dimen145
)
(/usr/share/texlive/texmf-dist/tex/latex/l3kernel/l3pdfmode.def
File: l3pdfmode.def 2017/03/18 v L3 Experimental driver: PDF mode
\l__driver_color_stack_int=\count181
\l__driver_tmp_box=\box43
))
(/usr/share/texlive/texmf-dist/tex/latex/l3packages/xparse/xparse.sty
Package: xparse 2018/02/21 L3 Experimental document command parser
\l__xparse_current_arg_int=\count182
\g__xparse_grabber_int=\count183
\l__xparse_m_args_int=\count184
\l__xparse_mandatory_args_int=\count185
\l__xparse_v_nesting_int=\count186
)
Package: xsim 2018/02/12 v0.11 eXercise Sheets IMproved

(/usr/share/texlive/texmf-dist/tex/latex/xsim/xsim.modules.code.tex
(/usr/share/texlive/texmf-dist/tex/latex/koma-script/scrlfile.sty
Package: scrlfile 2017/09/07 v3.24 KOMA-Script package (loading files)
)
.................................................
. LaTeX info: "xparse/define-command"
. 
. Defining command \XSIMmodule with sig. 'mm' on line 195.
.................................................
.................................................
. LaTeX info: "xparse/define-command"
. 
. Defining command \xsimstyle with sig. 'smO{}' on line 203.
.................................................
.................................................
. LaTeX info: "xparse/define-command"
. 
. Defining command \loadxsimstyle with sig. 'm' on line 209.
.................................................
)
\g__file_internal_ior=\read1
.................................................
. xsim info: "loading-module"
. 
. Loading module `definitions' ...
.................................................

(/usr/share/texlive/texmf-dist/tex/latex/xsim/xsim.definitions.code.tex
File: xsim.definitions.code.tex 2018/02/12 v0.11 xsim module `definitions' (def
inition of user commands)
.................................................
. xsim info: "loading-module"
. 
. Loading module `base' ...
.................................................

(/usr/share/texlive/texmf-dist/tex/latex/xsim/xsim.base.code.tex
File: xsim.base.code.tex 2018/02/12 v0.11 xsim module `base' (basic functionali
ty of the package)
.................................................
. xsim info: "loading-module"
. 
. Loading module `auxfile' ...
.................................................

(/usr/share/texlive/texmf-dist/tex/latex/xsim/xsim.auxfile.code.tex
File: xsim.auxfile.code.tex 2018/02/12 v0.11 xsim module `auxfile' (writing stu
ff to the aux file)
)
\l__xsim_tmpa_dim=\dimen146
\l__xsim_tmpb_dim=\dimen147
\l__xsim_tmpc_dim=\dimen148
\l__xsim_tmpa_int=\count187
\l__xsim_tmpb_int=\count188
\l__xsim_tmpc_int=\count189
\l__xsim_tmpa_box=\box44
\l__xsim_tmpb_box=\box45
\l__xsim_tmpc_box=\box46
)
.................................................
. xsim info: "loading-module"
. 
. Loading module `exercises' ...
.................................................

(/usr/share/texlive/texmf-dist/tex/latex/xsim/xsim.exercises.code.tex
File: xsim.exercises.code.tex 2018/02/12 v0.11 xsim module `exercises' (main ex
ercises definitions)
.................................................
. xsim info: "loading-module"
. 
. Loading module `properties' ...
.................................................

(/usr/share/texlive/texmf-dist/tex/latex/xsim/xsim.properties.code.tex
File: xsim.properties.code.tex 2018/02/12 v0.11 xsim module `properties' (prope
rties of exercises)
)
.................................................
. xsim info: "loading-module"
. 
. Loading module `environments' ...
.................................................

(/usr/share/texlive/texmf-dist/tex/latex/xsim/xsim.environments.code.tex
File: xsim.environments.code.tex 2018/02/12 v0.11 xsim module `environments' (g
eneric code for exercise and solution environments)
.................................................
. xsim info: "loading-module"
. 
. Loading module `templates' ...
.................................................

(/usr/share/texlive/texmf-dist/tex/latex/xsim/xsim.templates.code.tex
File: xsim.templates.code.tex 2018/02/12 v0.11 xsim module `templates' (propert
ies of exercises)
)
.................................................
. xsim info: "loading-module"
. 
. Loading module `verbwrite' ...
.................................................

(/usr/share/texlive/texmf-dist/tex/latex/xsim/xsim.verbwrite.code.tex
File: xsim.verbwrite.code.tex 2018/02/12 v0.11 xsim module `verbwrite' (write c
ontents of environments verbatim to files)
\l_xsim_line_gobble_int=\count190
.................................................
. LaTeX info: "xparse/define-command"
. 
. Defining command \XSIMfilewritestart with sig. 'sm' on line 194.
.................................................
.................................................
. LaTeX info: "xparse/define-command"
. 
. Defining command \XSIMfilewritestop with sig. '' on line 197.
.................................................
.................................................
. LaTeX info: "xparse/define-command"
. 
. Defining command \XSIMsetfilebegin with sig. '+m' on line 200.
.................................................
.................................................
. LaTeX info: "xparse/define-command"
. 
. Defining command \XSIMsetfileend with sig. '+m' on line 203.
.................................................
.................................................
. LaTeX info: "xparse/define-command"
. 
. Defining command \XSIMgobblechars with sig. 'm' on line 206.
.................................................
))
.................................................
. xsim info: "loading-module"
. 
. Loading module `solutions' ...
.................................................

(/usr/share/texlive/texmf-dist/tex/latex/xsim/xsim.solutions.code.tex
File: xsim.solutions.code.tex 2018/02/12 v0.11 xsim module `solutions' (managin
g solutions)
.................................................
. xsim info: "loading-module"
. 
. Loading module `tags' ...
.................................................

(/usr/share/texlive/texmf-dist/tex/latex/xsim/xsim.tags.code.tex
File: xsim.tags.code.tex 2018/02/12 v0.11 xsim module `tags' (tagging of exerci
ses)
)
\l_xsim_printsolutions_section_int=\count191
\l_xsim_printsolutions_chapter_int=\count192
)
.................................................
. xsim info: "loading-module"
. 
. Loading module `goals' ...
.................................................

(/usr/share/texlive/texmf-dist/tex/latex/xsim/xsim.goals.code.tex
File: xsim.goals.code.tex 2018/02/12 v0.11 xsim module `goals' (counting of poi
nts and bonus points)
)
.................................................
. xsim info: "loading-module"
. 
. Loading module `collections' ...
.................................................

(/usr/share/texlive/texmf-dist/tex/latex/xsim/xsim.collections.code.tex
File: xsim.collections.code.tex 2018/02/12 v0.11 xsim module `collections' (col
lect exercises and print collected exercises)
)
\g_xsim_id_int=\count193
\g_xsim_max_id_int=\count194

(/usr/share/texlive/texmf-dist/tex/latex/etoolbox/etoolbox.sty
Package: etoolbox 2018/02/11 v2.5e e-TeX tools for LaTeX (JAW)
\etb@tempcnta=\count195
))
.................................................
. xsim info: "loading-module"
. 
. Loading module `blanks' ...
.................................................

(/usr/share/texlive/texmf-dist/tex/latex/xsim/xsim.blanks.code.tex
File: xsim.blanks.code.tex 2018/02/12 v0.11 xsim module `blanks' (add blanks, c
loze)
\l__xsim_blank_dim=\dimen149
\l__xsim_blank_line_increment_dim=\dimen150
\l__xsim_blank_line_minimum_length_dim=\dimen151
\l__xsim_blank_box=\box47
)
.................................................
. xsim info: "loading-module"
. 
. Loading module `translations' ...
.................................................

(/usr/share/texlive/texmf-dist/tex/latex/xsim/xsim.translations.code.tex
File: xsim.translations.code.tex 2018/02/12 v0.11 xsim module `translations' (l
anguage settings for XSIM)

(/usr/share/texlive/texmf-dist/tex/latex/translations/translations.sty
Package: translations 2017/08/31 v1.7a internationalization of LaTeX2e packages
 (CN)

(/usr/share/texlive/texmf-dist/tex/generic/oberdiek/pdftexcmds.sty
Package: pdftexcmds 2018/01/21 v0.26 Utility functions of pdfTeX for LuaTeX (HO
)

(/usr/share/texlive/texmf-dist/tex/generic/oberdiek/infwarerr.sty
Package: infwarerr 2016/05/16 v1.4 Providing info/warning/error messages (HO)
)
(/usr/share/texlive/texmf-dist/tex/generic/oberdiek/ifluatex.sty
Package: ifluatex 2016/05/16 v1.4 Provides the ifluatex switch (HO)
Package ifluatex Info: LuaTeX not detected.
)
(/usr/share/texlive/texmf-dist/tex/generic/oberdiek/ltxcmds.sty
Package: ltxcmds 2016/05/16 v1.23 LaTeX kernel commands for general use (HO)
)
Package pdftexcmds Info: LuaTeX not detected.
Package pdftexcmds Info: \pdf@primitive is available.
Package pdftexcmds Info: \pdf@ifprimitive is available.
Package pdftexcmds Info: \pdfdraftmode found.
)))
.................................................
. xsim info: "loading-module"
. 
. Loading module `interface' ...
.................................................

(/usr/share/texlive/texmf-dist/tex/latex/xsim/xsim.interface.code.tex
File: xsim.interface.code.tex 2018/02/12 v0.11 xsim module `interface' (user in
terface)
.................................................
. LaTeX info: "xparse/define-command"
. 
. Defining command \DeclareExerciseEnvironmentTemplate with sig. 'm+m+m' on
. line 31.
.................................................
.................................................
. LaTeX info: "xparse/define-command"
. 
. Defining command \DeclareExerciseHeadingTemplate with sig. 'm+m' on line 35.
.................................................
.................................................
. LaTeX info: "xparse/define-command"
. 
. Defining command \DeclareExerciseTableTemplate with sig. 'm+m' on line 39.
.................................................
.................................................
. LaTeX info: "xparse/define-command"
. 
. Defining command \UseExerciseTemplate with sig. 'mm' on line 43.
.................................................
.................................................
. LaTeX info: "xparse/define-command"
. 
. Defining command \DeclareExerciseType with sig. 'mm' on line 48.
.................................................
.................................................
. LaTeX info: "xparse/define-command"
. 
. Defining command \numberofusedexercises with sig. '' on line 52.
.................................................
.................................................
. LaTeX info: "xparse/define-command"
. 
. Defining command \IfExistSolutionTF with sig. '+m+m' on line 57.
.................................................
.................................................
. LaTeX info: "xparse/define-command"
. 
. Defining command \IfExistSolutionT with sig. '+m' on line 60.
.................................................
.................................................
. LaTeX info: "xparse/define-command"
. 
. Defining command \IfExistSolutionF with sig. '+m' on line 63.
.................................................
.................................................
. LaTeX info: "xparse/define-command"
. 
. Defining command \IfInsideSolutionTF with sig. '+m+m' on line 66.
.................................................
.................................................
. LaTeX info: "xparse/define-command"
. 
. Defining command \IfInsideSolutionT with sig. '+m' on line 69.
.................................................
.................................................
. LaTeX info: "xparse/define-command"
. 
. Defining command \IfInsideSolutionF with sig. '+m' on line 72.
.................................................
.................................................
. LaTeX info: "xparse/define-command"
. 
. Defining command \IfSolutionPrintTF with sig. '+m+m' on line 75.
.................................................
.................................................
. LaTeX info: "xparse/define-command"
. 
. Defining command \IfSolutionPrintT with sig. '+m' on line 78.
.................................................
.................................................
. LaTeX info: "xparse/define-command"
. 
. Defining command \IfSolutionPrintF with sig. '+m' on line 81.
.................................................
.................................................
. LaTeX info: "xparse/define-command"
. 
. Defining command \DeclareExerciseProperty with sig. 't!st-m' on line 142.
.................................................
.................................................
. LaTeX info: "xparse/define-command"
. 
. Defining command \DeclareExercisePropertyAlias with sig. 'mm' on line 146.
.................................................
.................................................
. LaTeX info: "xparse/define-command"
. 
. Defining command \SetExerciseProperty with sig. 'm+m' on line 150.
.................................................
.................................................
. LaTeX info: "xparse/define-command"
. 
. Defining command \SetExpandedExerciseProperty with sig. 'm+m' on line 153.
.................................................
.................................................
. LaTeX info: "xparse/define-command"
. 
. Defining command \ExerciseSetProperty with sig. 'mmm+m' on line 156.
.................................................
.................................................
. LaTeX info: "xparse/define-command"
. 
. Defining command \ExerciseSetExpandedProperty with sig. 'mmm+m' on line 159.
.................................................
.................................................
. LaTeX info: "xparse/define-command"
. 
. Defining command \IfExercisePropertyExistTF with sig. '+m+m+m' on line 162.
.................................................
.................................................
. LaTeX info: "xparse/define-command"
. 
. Defining command \IfExercisePropertyExistT with sig. '+m+m' on line 165.
.................................................
.................................................
. LaTeX info: "xparse/define-command"
. 
. Defining command \IfExercisePropertyExistF with sig. '+m+m' on line 168.
.................................................
.................................................
. LaTeX info: "xparse/define-command"
. 
. Defining command \IfExercisePropertySetTF with sig. 'm+m+m' on line 171.
.................................................
.................................................
. LaTeX info: "xparse/define-command"
. 
. Defining command \IfExercisePropertySetT with sig. 'm+m' on line 174.
.................................................
.................................................
. LaTeX info: "xparse/define-command"
. 
. Defining command \IfExercisePropertySetF with sig. 'm+m' on line 177.
.................................................
.................................................
. LaTeX info: "xparse/define-command"
. 
. Defining command \GetExerciseProperty with sig. 'm' on line 180.
.................................................
.................................................
. LaTeX info: "xparse/define-command"
. 
. Defining command \GetExerciseAliasProperty with sig. 'm' on line 188.
.................................................
.................................................
. LaTeX info: "xparse/define-command"
. 
. Defining command \GetExercisePropertyTF with sig. 'm+m+m' on line 195.
.................................................
.................................................
. LaTeX info: "xparse/define-command"
. 
. Defining command \GetExercisePropertyT with sig. 'm+m' on line 198.
.................................................
.................................................
. LaTeX info: "xparse/define-command"
. 
. Defining command \GetExercisePropertyF with sig. 'm+m+m' on line 200.
.................................................
.................................................
. LaTeX info: "xparse/define-command"
. 
. Defining command \GetExerciseIdForProperty with sig. 'mm' on line 203.
.................................................
.................................................
. LaTeX info: "xparse/define-command"
. 
. Defining command \GetExerciseTypeForProperty with sig. 'mm' on line 206.
.................................................
.................................................
. LaTeX info: "xparse/define-command"
. 
. Defining command \IfExerciseBooleanPropertyTF with sig. '+m+m+m' on line
. 213.
.................................................
.................................................
. LaTeX info: "xparse/define-command"
. 
. Defining command \IfExerciseBooleanPropertyT with sig. '+m+m' on line 216.
.................................................
.................................................
. LaTeX info: "xparse/define-command"
. 
. Defining command \IfExerciseBooleanPropertyF with sig. '+m+m' on line 218.
.................................................
.................................................
. LaTeX info: "xparse/define-command"
. 
. Defining command \SaveExerciseProperty with sig. 'mm' on line 221.
.................................................
.................................................
. LaTeX info: "xparse/define-command"
. 
. Defining command \GlobalSaveExerciseProperty with sig. 'mm' on line 224.
.................................................
.................................................
. LaTeX info: "xparse/define-command"
. 
. Defining command \DeclareExerciseParameter with sig. 'st!m' on line 241.
.................................................
.................................................
. LaTeX info: "xparse/define-command"
. 
. Defining command \GetExerciseParameter with sig. 'm' on line 244.
.................................................
.................................................
. LaTeX info: "xparse/define-command"
. 
. Defining command \SetExerciseParameter with sig. 'mmm' on line 247.
.................................................
.................................................
. LaTeX info: "xparse/define-command"
. 
. Defining command \SetExerciseParameters with sig. 'mm' on line 250.
.................................................
.................................................
. LaTeX info: "xparse/define-command"
. 
. Defining command \GetExerciseName with sig. '' on line 257.
.................................................
.................................................
. LaTeX info: "xparse/define-command"
. 
. Defining command \GetExerciseBody with sig. 'm' on line 260.
.................................................
.................................................
. LaTeX info: "xparse/define-command"
. 
. Defining command \IfExerciseParameterSetTF with sig. '+m+m+m' on line 263.
.................................................
.................................................
. LaTeX info: "xparse/define-command"
. 
. Defining command \IfExerciseParameterSetT with sig. '+m+m' on line 266.
.................................................
.................................................
. LaTeX info: "xparse/define-command"
. 
. Defining command \IfExerciseParameterSetF with sig. '+m+m' on line 269.
.................................................
.................................................
. LaTeX info: "xparse/define-command"
. 
. Defining command \ExerciseParameterIfSetTF with sig. '+m+m+m+m' on line 272.
.................................................
.................................................
. LaTeX info: "xparse/define-command"
. 
. Defining command \ExerciseParameterIfSetT with sig. '+m+m+m' on line 275.
.................................................
.................................................
. LaTeX info: "xparse/define-command"
. 
. Defining command \ExerciseParameterIfSetF with sig. '+m+m+m' on line 278.
.................................................
.................................................
. LaTeX info: "xparse/define-command"
. 
. Defining command \GetExerciseParameterTF with sig. 'm+m+m' on line 281.
.................................................
.................................................
. LaTeX info: "xparse/define-command"
. 
. Defining command \GetExerciseParameterT with sig. 'm+m' on line 284.
.................................................
.................................................
. LaTeX info: "xparse/define-command"
. 
. Defining command \GetExerciseParameterF with sig. 'm+m+m' on line 287.
.................................................
.................................................
. LaTeX info: "xparse/define-command"
. 
. Defining command \ExercisePropertyIfSetTF with sig. 'mmm+m+m' on line 292.
.................................................
.................................................
. LaTeX info: "xparse/define-command"
. 
. Defining command \ExercisePropertyIfSetT with sig. 'mmm+m' on line 295.
.................................................
.................................................
. LaTeX info: "xparse/define-command"
. 
. Defining command \ExercisePropertyIfSetF with sig. 'mmm+m' on line 298.
.................................................
.................................................
. LaTeX info: "xparse/define-command"
. 
. Defining command \ExercisePropertyGet with sig. 'mmm' on line 301.
.................................................
.................................................
. LaTeX info: "xparse/define-command"
. 
. Defining command \ExercisePropertyGetAlias with sig. 'mm' on line 304.
.................................................
.................................................
. LaTeX info: "xparse/define-command"
. 
. Defining command \ExercisePropertySave with sig. 'mmmm' on line 307.
.................................................
.................................................
. LaTeX info: "xparse/define-command"
. 
. Defining command \ExercisePropertyGlobalSave with sig. 'mmmm' on line 310.
.................................................
.................................................
. LaTeX info: "xparse/define-command"
. 
. Defining command \ExerciseParameterGet with sig. 'mm' on line 313.
.................................................
.................................................
. LaTeX info: "xparse/define-command"
. 
. Defining command \XSIMtranslate with sig. 'm' on line 318.
.................................................
.................................................
. LaTeX info: "xparse/define-command"
. 
. Defining command \XSIMexpandcode with sig. '+m' on line 321.
.................................................
.................................................
. LaTeX info: "xparse/define-command"
. 
. Defining command \XSIMmixedcase with sig. 'm' on line 324.
.................................................
.................................................
. LaTeX info: "xparse/define-command"
. 
. Defining command \XSIMputright with sig. 'mm' on line 327.
.................................................
.................................................
. LaTeX info: "xparse/define-command"
. 
. Defining command \XSIMifeqTF with sig. '+m+m+m+m' on line 330.
.................................................
.................................................
. LaTeX info: "xparse/define-command"
. 
. Defining command \XSIMifeqT with sig. '+m+m+m' on line 333.
.................................................
.................................................
. LaTeX info: "xparse/define-command"
. 
. Defining command \XSIMifeqF with sig. '+m+m+m' on line 336.
.................................................
.................................................
. LaTeX info: "xparse/define-command"
. 
. Defining command \XSIMifblankTF with sig. '+m+m+m' on line 339.
.................................................
.................................................
. LaTeX info: "xparse/define-command"
. 
. Defining command \XSIMifblankT with sig. '+m+m' on line 342.
.................................................
.................................................
. LaTeX info: "xparse/define-command"
. 
. Defining command \XSIMifblankF with sig. '+m+m' on line 345.
.................................................
.................................................
. LaTeX info: "xparse/define-command"
. 
. Defining command \DeclareExerciseGoal with sig. 'm' on line 350.
.................................................
.................................................
. LaTeX info: "xparse/define-command"
. 
. Defining command \IfExerciseGoalTF with sig. 'mm+m+m' on line 359.
.................................................
.................................................
. LaTeX info: "xparse/define-command"
. 
. Defining command \IfExerciseGoalT with sig. 'mm+m' on line 362.
.................................................
.................................................
. LaTeX info: "xparse/define-command"
. 
. Defining command \IfExerciseGoalF with sig. 'mm+m' on line 365.
.................................................
.................................................
. LaTeX info: "xparse/define-command"
. 
. Defining command \IfExerciseGoalSingularTF with sig. 'mmm' on line 368.
.................................................
.................................................
. LaTeX info: "xparse/define-command"
. 
. Defining command \IfExerciseGoalSingularT with sig. 'mm' on line 371.
.................................................
.................................................
. LaTeX info: "xparse/define-command"
. 
. Defining command \IfExerciseGoalSingularF with sig. 'mm' on line 374.
.................................................
.................................................
. LaTeX info: "xparse/define-command"
. 
. Defining command \IfExerciseTypeGoalsSumTF with sig. 'mmm+m+m' on line 377.
.................................................
.................................................
. LaTeX info: "xparse/define-command"
. 
. Defining command \IfExerciseTypeGoalsSumT with sig. 'mmm+m' on line 380.
.................................................
.................................................
. LaTeX info: "xparse/define-command"
. 
. Defining command \IfExerciseTypeGoalsSumF with sig. 'mmm+m' on line 383.
.................................................
.................................................
. LaTeX info: "xparse/define-command"
. 
. Defining command \IfExerciseGoalsSumTF with sig. 'mm+m+m' on line 386.
.................................................
.................................................
. LaTeX info: "xparse/define-command"
. 
. Defining command \IfExerciseGoalsSumT with sig. 'mm+m' on line 389.
.................................................
.................................................
. LaTeX info: "xparse/define-command"
. 
. Defining command \IfExerciseGoalsSumF with sig. 'mm+m' on line 392.
.................................................
.................................................
. LaTeX info: "xparse/define-command"
. 
. Defining command \TotalExerciseTypeGoal with sig. 'mmmm' on line 395.
.................................................
.................................................
. LaTeX info: "xparse/define-command"
. 
. Defining command \TotalExerciseTypeGoals with sig. 'mmmm' on line 398.
.................................................
.................................................
. LaTeX info: "xparse/define-command"
. 
. Defining command \TotalExerciseGoal with sig. 'mmm' on line 401.
.................................................
.................................................
. LaTeX info: "xparse/define-command"
. 
. Defining command \TotalExerciseGoals with sig. 'mmm' on line 404.
.................................................
.................................................
. LaTeX info: "xparse/define-command"
. 
. Defining command \AddtoExerciseTypeGoal with sig. 'mmmm' on line 407.
.................................................
.................................................
. LaTeX info: "xparse/define-command"
. 
. Defining command \AddtoExerciseGoal with sig. 'mm' on line 410.
.................................................
.................................................
. LaTeX info: "xparse/define-command"
. 
. Defining command \ExerciseGoalValuePrint with sig. 'mmm' on line 413.
.................................................
.................................................
. LaTeX info: "xparse/define-command"
. 
. Defining command \AddtoExerciseTypeGoalPrint with sig. 'mmmmmm' on line 419.
.................................................
.................................................
. LaTeX info: "xparse/define-command"
. 
. Defining command \AddtoExerciseGoalPrint with sig. 'mmmm' on line 425.
.................................................
.................................................
. LaTeX info: "xparse/define-command"
. 
. Defining command \DeclareGradeDistribution with sig. 'm' on line 429.
.................................................
.................................................
. LaTeX info: "xparse/define-command"
. 
. Defining command \GetGradeRequirementForGoal with sig. 'mmmm' on line 432.
.................................................
.................................................
. LaTeX info: "xparse/define-command"
. 
. Defining command \GetGradeRequirementForGoals with sig. 'mmmm' on line 435.
.................................................
.................................................
. LaTeX info: "xparse/define-command"
. 
. Defining command \GetGradeRequirement with sig. 'mmm' on line 438.
.................................................
.................................................
. LaTeX info: "xparse/define-command"
. 
. Defining command \DeclareExerciseTagging with sig. 'm' on line 443.
.................................................
.................................................
. LaTeX info: "xparse/define-command"
. 
. Defining command \ProvideExerciseTagging with sig. 'm' on line 451.
.................................................
.................................................
. LaTeX info: "xparse/define-command"
. 
. Defining command \ForEachExerciseTag with sig. 'm+m' on line 454.
.................................................
.................................................
. LaTeX info: "xparse/define-command"
. 
. Defining command \ListExerciseTags with sig. 'mm' on line 457.
.................................................
.................................................
. LaTeX info: "xparse/define-command"
. 
. Defining command \UseExerciseTags with sig. 'mmmm' on line 468.
.................................................
.................................................
. LaTeX info: "xparse/define-command"
. 
. Defining command \IfExerciseTagSetTF with sig. 'm+m+m' on line 471.
.................................................
.................................................
. LaTeX info: "xparse/define-command"
. 
. Defining command \IfExerciseTagSetT with sig. 'm+m' on line 473.
.................................................
.................................................
. LaTeX info: "xparse/define-command"
. 
. Defining command \IfExerciseTagSetF with sig. 'm+m' on line 475.
.................................................
.................................................
. LaTeX info: "xparse/define-command"
. 
. Defining command \IfExerciseTopicSetTF with sig. 'm+m+m' on line 478.
.................................................
.................................................
. LaTeX info: "xparse/define-command"
. 
. Defining command \IfExerciseTopicSetT with sig. 'm+m' on line 480.
.................................................
.................................................
. LaTeX info: "xparse/define-command"
. 
. Defining command \IfExerciseTopicSetF with sig. 'm+m' on line 482.
.................................................
.................................................
. LaTeX info: "xparse/define-command"
. 
. Defining command \ForEachPrintedExerciseByType with sig. '+m' on line 487.
.................................................
.................................................
. LaTeX info: "xparse/define-command"
. 
. Defining command \ForEachPrintedExerciseByID with sig. '+m' on line 490.
.................................................
.................................................
. LaTeX info: "xparse/define-command"
. 
. Defining command \ForEachUsedExerciseByType with sig. '+m' on line 493.
.................................................
.................................................
. LaTeX info: "xparse/define-command"
. 
. Defining command \ForEachUsedExerciseByID with sig. '+m' on line 496.
.................................................
.................................................
. LaTeX info: "xparse/define-command"
. 
. Defining command \DeclareExerciseTranslations with sig. 'mm' on line 501.
.................................................
.................................................
. LaTeX info: "xparse/define-command"
. 
. Defining command \DeclareExerciseTranslation with sig. 'mmm' on line 505.
.................................................
.................................................
. LaTeX info: "xparse/define-command"
. 
. Defining command \ForEachExerciseTranslation with sig. '+m' on line 509.
.................................................
.................................................
. LaTeX info: "xparse/define-command"
. 
. Defining command \DeclareExerciseCollection with sig. 'm' on line 514.
.................................................
.................................................
. LaTeX info: "xparse/define-command"
. 
. Defining command \collectexercisestype with sig. 'mm' on line 518.
.................................................
.................................................
. LaTeX info: "xparse/define-command"
. 
. Defining command \collectexercises with sig. 'm' on line 521.
.................................................
.................................................
. LaTeX info: "xparse/define-command"
. 
. Defining command \collectexercisesstop with sig. 'm' on line 524.
.................................................
.................................................
. LaTeX info: "xparse/define-command"
. 
. Defining command \printcollection with sig. 'O{}m' on line 527.
.................................................
.................................................
. LaTeX info: "xparse/define-command"
. 
. Defining command \printrandomexercises with sig. 'O{}m' on line 538.
.................................................
.................................................
. LaTeX info: "xparse/define-command"
. 
. Defining command \blank with sig. 'som' on line 558.
.................................................
.................................................
. LaTeX info: "xparse/define-command"
. 
. Defining command \examspace with sig. 'sm' on line 565.
.................................................
.................................................
. LaTeX info: "xparse/define-command"
. 
. Defining command \gradingtable with sig. 'O{}' on line 585.
.................................................
.................................................
. LaTeX info: "xparse/define-command"
. 
. Defining command \printsolution with sig. 'O{}mm' on line 590.
.................................................
.................................................
. LaTeX info: "xparse/define-command"
. 
. Defining command \printexercise with sig. 'O{}mm' on line 593.
.................................................
.................................................
. LaTeX info: "xparse/define-command"
. 
. Defining command \printsolutionstype with sig. 'sO{}m' on line 602.
.................................................
.................................................
. LaTeX info: "xparse/define-command"
. 
. Defining command \printsolutions with sig. 'sO{}' on line 609.
.................................................
.................................................
. LaTeX info: "xparse/define-command"
. 
. Defining command \printallsolutions with sig. 'sO{}' on line 616.
.................................................
.................................................
. LaTeX info: "xparse/define-command"
. 
. Defining command \printforexercises with sig. 'sO{}+mO{}' on line 631.
.................................................
.................................................
. LaTeX info: "xparse/define-command"
. 
. Defining command \xsimsetup with sig. 'm' on line 636.
.................................................
.................................................
. LaTeX info: "xparse/define-command"
. 
. Defining command \XSIMifchapterTF with sig. '+m+m' on line 640.
.................................................
.................................................
. LaTeX info: "xparse/define-command"
. 
. Defining command \XSIMifchapterT with sig. '+m' on line 643.
.................................................
.................................................
. LaTeX info: "xparse/define-command"
. 
. Defining command \XSIMifchapterF with sig. '+m' on line 646.
.................................................
)
.................................................
. xsim info: "loading-module"
. 
. Loading module `grades' ...
.................................................

(/usr/share/texlive/texmf-dist/tex/latex/xsim/xsim.grades.code.tex
File: xsim.grades.code.tex 2018/02/12 v0.11 xsim module `grades' (distribute go
al sums to grades)
)
.................................................
. xsim info: "loading-module"
. 
. Loading module `random' ...
.................................................

(/usr/share/texlive/texmf-dist/tex/latex/xsim/xsim.random.code.tex
File: xsim.random.code.tex 2018/02/12 v0.11 xsim module `random' (randomly sele
ct exercises from collections)
\g__xsim_random_list_id_int=\count196
)
.................................................
. LaTeX info: "xparse/define-command"
. 
. Defining command \printgoal with sig. 'm' on line 86.
.................................................
.................................................
. LaTeX info: "xparse/define-command"
. 
. Defining command \points with sig. 'm' on line 93.
.................................................
.................................................
. LaTeX info: "xparse/define-command"
. 
. Defining command \addpoints with sig. 'sm' on line 99.
.................................................
.................................................
. LaTeX info: "xparse/define-command"
. 
. Defining command \printpoints with sig. 'm' on line 106.
.................................................
.................................................
. LaTeX info: "xparse/define-command"
. 
. Defining command \printtotalpoints with sig. '' on line 113.
.................................................
.................................................
. LaTeX info: "xparse/define-command"
. 
. Defining command \addbonus with sig. 'sm' on line 119.
.................................................
.................................................
. LaTeX info: "xparse/define-command"
. 
. Defining command \printbonus with sig. 'm' on line 126.
.................................................
.................................................
. LaTeX info: "xparse/define-command"
. 
. Defining command \printtotalbonus with sig. '' on line 133.
.................................................
.................................................
. LaTeX info: "xparse/define-command"
. 
. Defining command \pointsforgrade with sig. 'm' on line 141.
.................................................
.................................................
. LaTeX info: "xparse/define-command"
. 
. Defining command \goalsforgrade with sig. 'mm' on line 148.
.................................................
.................................................
. LaTeX info: "xparse/define-command"
. 
. Defining command \totalgoalforgrade with sig. 'm' on line 155.
.................................................
\c@exercise=\count197
\c@solution=\count198
\c@numberofexercises=\count199
.................................................
. LaTeX info: "xparse/define-environment"
. 
. Defining environment 'exercise' with sig. 'o' on line 166.
.................................................
.................................................
. LaTeX info: "xparse/define-environment"
. 
. Defining environment 'solution' with sig. 'o' on line 166.
.................................................

(/usr/share/texlive/texmf-dist/tex/latex/tools/array.sty
Package: array 2016/10/06 v2.4d Tabular extension package (FMi)
\col@sep=\dimen152
\extrarowheight=\dimen153
\NC@list=\toks17
\extratabsurround=\skip49
\backup@length=\skip50
)
(/usr/share/texlive/texmf-dist/tex/latex/booktabs/booktabs.sty
Package: booktabs 2016/04/27 v1.618033 publication quality tables
\heavyrulewidth=\dimen154
\lightrulewidth=\dimen155
\cmidrulewidth=\dimen156
\belowrulesep=\dimen157
\belowbottomsep=\dimen158
\aboverulesep=\dimen159
\abovetopsep=\dimen160
\cmidrulesep=\dimen161
\cmidrulekern=\dimen162
\defaultaddspace=\dimen163
\@cmidla=\count266
\@cmidlb=\count267
\@aboverulesep=\dimen164
\@belowrulesep=\dimen165
\@thisruleclass=\count268
\@lastruleclass=\count269
\@thisrulewidth=\dimen166
)))
(/usr/share/texlive/texmf-dist/tex/latex/enumitem/enumitem.sty
Package: enumitem 2011/09/28 v3.5.2 Customized lists
\labelindent=\skip51
\enit@outerparindent=\dimen167
\enit@toks=\toks18
\enit@inbox=\box48
\enitdp@description=\count270
)
(/usr/share/texlive/texmf-dist/tex/latex/amsfonts/amssymb.sty
Package: amssymb 2013/01/14 v3.01 AMS font symbols

(/usr/share/texlive/texmf-dist/tex/latex/amsfonts/amsfonts.sty
Package: amsfonts 2013/01/14 v3.01 Basic AMSFonts support
\@emptytoks=\toks19
\symAMSa=\mathgroup4
\symAMSb=\mathgroup5
LaTeX Font Info:    Overwriting math alphabet `\mathfrak' in version `bold'
(Font)                  U/euf/m/n --> U/euf/b/n on input line 106.
))
(/usr/share/texlive/texmf-dist/tex/latex/fmtcount/fmtcount.sty
Package: fmtcount 2017/12/24 v3.05

(/usr/share/texlive/texmf-dist/tex/latex/base/ifthen.sty
Package: ifthen 2014/09/29 v1.1c Standard LaTeX ifthen package (DPC)
)
(/usr/share/texlive/texmf-dist/tex/latex/xkeyval/xkeyval.sty
Package: xkeyval 2014/12/03 v2.7a package option processing (HA)

(/usr/share/texlive/texmf-dist/tex/generic/xkeyval/xkeyval.tex
(/usr/share/texlive/texmf-dist/tex/generic/xkeyval/xkvutils.tex
\XKV@toks=\toks20
\XKV@tempa@toks=\toks21
)
\XKV@depth=\count271
File: xkeyval.tex 2014/12/03 v2.7a key=value parser (HA)
))
(/usr/share/texlive/texmf-dist/tex/latex/fmtcount/fcprefix.sty
Package: fcprefix 2012/09/28

(/usr/share/texlive/texmf-dist/tex/latex/fmtcount/fcnumparser.sty
Package: fcnumparser 2017/06/15
\fc@digit@counter=\count272
))
(/usr/share/texlive/texmf-dist/tex/latex/amsmath/amsgen.sty
File: amsgen.sty 1999/11/30 v2.0 generic functions
\@emptytoks=\toks22
\ex@=\dimen168
)
\c@padzeroesN=\count273
\fc@tmpcatcode=\count274
\@DT@modctr=\count275
\@ordinalctr=\count276
\@orgargctr=\count277
\@strctr=\count278
\@tmpstrctr=\count279
\@DT@loopN=\count280
\@DT@X=\count281
)
\enitdp@choices=\count282
\c@correctchoices=\count283
\c@numberofmultiplechoices=\count284
.................................................
. LaTeX info: "xparse/define-environment"
. 
. Defining environment 'multiplechoice' with sig. 'o' on line 39.
.................................................
.................................................
. LaTeX info: "xparse/define-environment"
. 
. Defining environment 'correctchoices' with sig. 'o' on line 39.
.................................................
Package translations Info: No language package found. I am going to use `englis
h' as default language. on input line 47.

(./questionaire.aux)
\openout1 = `questionaire.aux'.

LaTeX Font Info:    Checking defaults for OML/cmm/m/it on input line 47.
LaTeX Font Info:    ... okay on input line 47.
LaTeX Font Info:    Checking defaults for T1/cmr/m/n on input line 47.
LaTeX Font Info:    ... okay on input line 47.
LaTeX Font Info:    Checking defaults for OT1/cmr/m/n on input line 47.
LaTeX Font Info:    ... okay on input line 47.
LaTeX Font Info:    Checking defaults for OMS/cmsy/m/n on input line 47.
LaTeX Font Info:    ... okay on input line 47.
LaTeX Font Info:    Checking defaults for OMX/cmex/m/n on input line 47.
LaTeX Font Info:    ... okay on input line 47.
LaTeX Font Info:    Checking defaults for U/cmr/m/n on input line 47.
LaTeX Font Info:    ... okay on input line 47.

*geometry* driver: auto-detecting
*geometry* detected driver: pdftex
*geometry* verbose mode - [ preamble ] result:
* driver: pdftex
* paper: a4paper
* layout: <same size as paper>
* layoutoffset:(h,v)=(0.0pt,0.0pt)
* modes: 
* h-part:(L,W,R)=(89.62709pt, 418.25368pt, 89.6271pt)
* v-part:(T,H,B)=(101.40665pt, 591.5302pt, 152.11pt)
* \paperwidth=597.50787pt
* \paperheight=845.04684pt
* \textwidth=418.25368pt
* \textheight=591.5302pt
* \oddsidemargin=17.3571pt
* \evensidemargin=17.3571pt
* \topmargin=-7.86334pt
* \headheight=12.0pt
* \headsep=25.0pt
* \topskip=11.0pt
* \footskip=30.0pt
* \marginparwidth=59.0pt
* \marginparsep=10.0pt
* \columnsep=10.0pt
* \skip\footins=10.0pt plus 4.0pt minus 2.0pt
* \hoffset=0.0pt
* \voffset=0.0pt
* \mag=1000
* \@twocolumnfalse
* \@twosidefalse
* \@mparswitchfalse
* \@reversemarginfalse
* (1in=72.27pt=25.4mm, 1cm=28.453pt)

\c@lstlisting=\count285

(/usr/share/texlive/texmf-dist/tex/latex/translations/translations-basic-dictio
nary-english.trsl
File: translations-basic-dictionary-english.trsl (english translation file `tra
nslations-basic-dictionary')
)
Package translations Info: loading dictionary `translations-basic-dictionary' f
or `english'. on input line 47.

(/usr/share/texlive/texmf-dist/tex/latex/fmtcount/fc-english.def
File: fc-english.def 2016/01/12
)
\l__file_contents_iow=\write3
\openout3 = `questionaire-mc-1-exercise-body.tex'.


(./questionaire-mc-1-exercise-body.tex
LaTeX Font Info:    Try loading font information for OMS+cmr on input line 14.

(/usr/share/texlive/texmf-dist/tex/latex/base/omscmr.fd
File: omscmr.fd 2014/09/29 v2.5h Standard LaTeX font definitions
)
LaTeX Font Info:    Font shape `OMS/cmr/m/n' in size <9> not available
(Font)              Font shape `OMS/cmsy/m/n' tried instead on input line 14.
LaTeX Font Info:    Try loading font information for U+msa on input line 17.

(/usr/share/texlive/texmf-dist/tex/latex/amsfonts/umsa.fd
File: umsa.fd 2013/01/14 v3.01 AMS symbols A
)
LaTeX Font Info:    Try loading font information for U+msb on input line 17.

(/usr/share/texlive/texmf-dist/tex/latex/amsfonts/umsb.fd
File: umsb.fd 2013/01/14 v3.01 AMS symbols B
))
\openout3 = `questionaire-mc-2-exercise-body.tex'.


(./questionaire-mc-2-exercise-body.tex)
\openout3 = `questionaire-mc-3-exercise-body.tex'.

 (./questionaire-mc-3-exercise-body.tex
[1

{/var/lib/texmf/fonts/map/pdftex/updmap/pdftex.map}])
\openout3 = `questionaire-mc-4-exercise-body.tex'.


(./questionaire-mc-4-exercise-body.tex
LaTeX Font Info:    Try loading font information for OML+cmr on input line 13.

(/usr/share/texlive/texmf-dist/tex/latex/base/omlcmr.fd
File: omlcmr.fd 2014/09/29 v2.5h Standard LaTeX font definitions
)
LaTeX Font Info:    Font shape `OML/cmr/m/n' in size <9> not available
(Font)              Font shape `OML/cmm/m/it' tried instead on input line 13.
)
\openout3 = `questionaire-mc-5-exercise-body.tex'.


(./questionaire-mc-5-exercise-body.tex [2])
\openout3 = `questionaire-mc-6-exercise-body.tex'.


(./questionaire-mc-6-exercise-body.tex)
\openout3 = `questionaire-mc-7-exercise-body.tex'.

 (./questionaire-mc-7-exercise-body.tex)
\openout3 = `questionaire-exercise-8-exercise-body.tex'.

(./questionaire-exercise-8-exercise-body.tex) [3] [4] (./questionaire.aux) ) 
Here is how much of TeX's memory you used:
 15250 strings out of 492982
 316157 string characters out of 6134897
 375288 words of memory out of 5000000
 18661 multiletter control sequences out of 15000+600000
 537883 words of font info for 52 fonts, out of 8000000 for 9000
 1141 hyphenation exceptions out of 8191
 72i,5n,72p,10329b,1663s stack positions out of 5000i,500n,10000p,200000b,80000s
</u
sr/share/texlive/texmf-dist/fonts/type1/public/amsfonts/cm/cmbx12.pfb></usr/sha
re/texlive/texmf-dist/fonts/type1/public/amsfonts/cm/cmmi9.pfb></usr/share/texl
ive/texmf-dist/fonts/type1/public/amsfonts/cm/cmr10.pfb></usr/share/texlive/tex
mf-dist/fonts/type1/public/amsfonts/cm/cmr12.pfb></usr/share/texlive/texmf-dist
/fonts/type1/public/amsfonts/cm/cmr9.pfb></usr/share/texlive/texmf-dist/fonts/t
ype1/public/amsfonts/cm/cmsy9.pfb></usr/share/texlive/texmf-dist/fonts/type1/pu
blic/amsfonts/cm/cmtt10.pfb></usr/share/texlive/texmf-dist/fonts/type1/public/a
msfonts/symbols/msam10.pfb>
Output written on questionaire.pdf (4 pages, 98310 bytes).
PDF statistics:
 49 PDF objects out of 1000 (max. 8388607)
 34 compressed objects within 1 object stream
 0 named destinations out of 1000 (max. 500000)
 1 words of extra memory for PDF output out of 10000 (max. 10000000)

